0 info it worked if it ends with ok
1 verbose cli [ 'node', '/usr/local/bin/npm', 'install', 'db-mysql' ]
2 info using npm@1.1.48
3 info using node@v0.8.6
4 verbose config file /Users/smangelschots/.npmrc
5 verbose config file /usr/local/etc/npmrc
6 verbose config file /usr/local/lib/node_modules/npm/npmrc
7 verbose read json /Users/smangelschots/RubymineProjects/NodeErp/package.json
8 warn package.json OpenErp@0.0.1 No README.md file found!
9 verbose read json /Users/smangelschots/RubymineProjects/NodeErp/node_modules/express/package.json
10 verbose read json /Users/smangelschots/RubymineProjects/NodeErp/node_modules/jade/package.json
11 verbose read json /Users/smangelschots/RubymineProjects/NodeErp/node_modules/mongo/package.json
12 verbose read json /Users/smangelschots/RubymineProjects/NodeErp/node_modules/mongoose/package.json
13 verbose read json /Users/smangelschots/RubymineProjects/NodeErp/node_modules/mysql/package.json
14 verbose read json /Users/smangelschots/RubymineProjects/NodeErp/node_modules/nodeunit/package.json
15 verbose read json /Users/smangelschots/RubymineProjects/NodeErp/node_modules/socket.io/package.json
16 verbose read json /Users/smangelschots/RubymineProjects/NodeErp/node_modules/winston/package.json
17 verbose read json /Users/smangelschots/RubymineProjects/NodeErp/node_modules/winston-syslog/package.json
18 warn package.json jade@0.26.0 No README.md file found!
19 warn package.json mongo@0.1.0 No README.md file found!
20 verbose from cache /Users/smangelschots/RubymineProjects/NodeErp/package.json
21 verbose readDependencies using package.json deps
22 verbose cache add [ 'db-mysql', null ]
23 silly cache add name=undefined spec="db-mysql" args=["db-mysql",null]
24 verbose parsed url { pathname: 'db-mysql', path: 'db-mysql', href: 'db-mysql' }
25 silly lockFile c75423d9-db-mysql db-mysql
26 verbose lock db-mysql /Users/smangelschots/.npm/c75423d9-db-mysql.lock
27 silly lockFile c75423d9-db-mysql db-mysql
28 verbose addNamed [ 'db-mysql', '' ]
29 verbose addNamed [ null, '' ]
30 silly lockFile a4731413-db-mysql db-mysql@
31 verbose lock db-mysql@ /Users/smangelschots/.npm/a4731413-db-mysql.lock
32 silly addNameRange { name: 'db-mysql', range: '', hasData: false }
33 verbose url raw db-mysql
34 verbose url resolving [ 'https://registry.npmjs.org/', './db-mysql' ]
35 verbose url resolved https://registry.npmjs.org/db-mysql
36 info retry registry request attempt 1 at 15:14:13
37 verbose etag "A0P0UD16568AG9GNY1OEMX4S4"
38 http GET https://registry.npmjs.org/db-mysql
39 http 200 https://registry.npmjs.org/db-mysql
40 silly registry.get cb [ 200,
40 silly registry.get   { vary: 'Accept',
40 silly registry.get     server: 'CouchDB/1.2.0 (Erlang OTP/R15B)',
40 silly registry.get     etag: '"CDMICJCCH06VQQ98ZT886648X"',
40 silly registry.get     date: 'Wed, 15 Aug 2012 13:14:14 GMT',
40 silly registry.get     'content-type': 'application/json',
40 silly registry.get     'content-length': '46472' } ]
41 silly addNameRange number 2 { name: 'db-mysql', range: '', hasData: true }
42 silly addNameRange versions [ 'db-mysql',
42 silly addNameRange   [ '0.4.0',
42 silly addNameRange     '0.4.1',
42 silly addNameRange     '0.4.2',
42 silly addNameRange     '0.4.3',
42 silly addNameRange     '0.4.4',
42 silly addNameRange     '0.4.5',
42 silly addNameRange     '0.4.6',
42 silly addNameRange     '0.4.7',
42 silly addNameRange     '0.4.8',
42 silly addNameRange     '0.4.9',
42 silly addNameRange     '0.5.0',
42 silly addNameRange     '0.5.1',
42 silly addNameRange     '0.5.2',
42 silly addNameRange     '0.5.3',
42 silly addNameRange     '0.5.4',
42 silly addNameRange     '0.5.5',
42 silly addNameRange     '0.5.6',
42 silly addNameRange     '0.5.7',
42 silly addNameRange     '0.5.8',
42 silly addNameRange     '0.5.9',
42 silly addNameRange     '0.6.0',
42 silly addNameRange     '0.6.1',
42 silly addNameRange     '0.6.2',
42 silly addNameRange     '0.6.3',
42 silly addNameRange     '0.6.4',
42 silly addNameRange     '0.6.5',
42 silly addNameRange     '0.6.6',
42 silly addNameRange     '0.6.7',
42 silly addNameRange     '0.6.8',
42 silly addNameRange     '0.6.9',
42 silly addNameRange     '0.7.0',
42 silly addNameRange     '0.7.1',
42 silly addNameRange     '0.7.2',
42 silly addNameRange     '0.7.3',
42 silly addNameRange     '0.7.4',
42 silly addNameRange     '0.7.5',
42 silly addNameRange     '0.7.6' ] ]
43 verbose addNamed [ 'db-mysql', '0.7.6' ]
44 verbose addNamed [ '0.7.6', '0.7.6' ]
45 silly lockFile f70b617c-db-mysql-0-7-6 db-mysql@0.7.6
46 verbose lock db-mysql@0.7.6 /Users/smangelschots/.npm/f70b617c-db-mysql-0-7-6.lock
47 verbose read json /Users/smangelschots/.npm/db-mysql/0.7.6/package/package.json
48 silly lockFile f70b617c-db-mysql-0-7-6 db-mysql@0.7.6
49 silly lockFile a4731413-db-mysql db-mysql@
50 silly resolved [ { name: 'db-mysql',
50 silly resolved     description: 'MySQL database bindings for Node.JS',
50 silly resolved     keywords:
50 silly resolved      [ 'database',
50 silly resolved        'db',
50 silly resolved        'native',
50 silly resolved        'binding',
50 silly resolved        'library',
50 silly resolved        'plugin',
50 silly resolved        'client',
50 silly resolved        'mysql',
50 silly resolved        'libmysql' ],
50 silly resolved     homepage: 'http://nodejsdb.org/db-mysql',
50 silly resolved     version: '0.7.6',
50 silly resolved     engines: { node: '>=0.4.1' },
50 silly resolved     maintainers: [ [Object] ],
50 silly resolved     bugs: { url: 'http://github.com/mariano/node-db-mysql/issues' },
50 silly resolved     licenses: [ [Object] ],
50 silly resolved     repositories: [ [Object] ],
50 silly resolved     main: './db-mysql',
50 silly resolved     scripts:
50 silly resolved      { install: 'node-waf configure build',
50 silly resolved        preuninstall: 'rm -rf build/*',
50 silly resolved        test: 'node-waf test',
50 silly resolved        doc: 'node-waf doc' },
50 silly resolved     devDependencies: { nodeunit: '*', nodelint: '*' },
50 silly resolved     readme: '# db-mysql: MySQL database bindings for Node.js #\n\nFor detailed information about this and other Node.js\ndatabase bindings visit the [Node.js db-mysql homepage] [homepage].\n\n## INSTALL ##\n\nBefore proceeding with installation, you need to have the libmysql\ndevelopment libraries and include files. Access to the mysql_config \nbinary is mandatory, and its path has to be specified prior to \ninstallation (if its not within the system\'s path). For example, if \nthe path to your mysql_config is /usr/local/bin/mysql_config make \nsure to do the following (Ubuntu users need to install the \nlibmysqlclient-dev package):\n\n```bash\n$ export MYSQL_CONFIG=/usr/local/bin/mysql_config\n```\n\nOnce you are sure that either mysql_config is part of the path or that\nyou specified the MYSQL_CONFIG environment var, install with npm:\n\n```bash\n$ npm install db-mysql\n```\n\n## QUICK START ##\n\n```javascript\nvar mysql = require(\'db-mysql\');\nnew mysql.Database({\n    hostname: \'localhost\',\n    user: \'root\',\n    password: \'password\',\n    database: \'node\'\n}).connect(function(error) {\n    if (error) {\n        return console.log("CONNECTION ERROR: " + error);\n    }\n\n    this.query().select(\'*\').from(\'users\').execute(function(error, rows) {\n        if (error) {\n            return console.log(\'ERROR: \' + error);\n        }\n        console.log(rows.length + \' ROWS\');\n    });\n});\n```\n\n## LICENSE ##\n\nThis module is released under the [MIT License] [license].\n\n[homepage]: http://nodejsdb.org/db-mysql\n[license]: http://www.opensource.org/licenses/mit-license.php\n',
50 silly resolved     _id: 'db-mysql@0.7.6',
50 silly resolved     _from: 'db-mysql' } ]
51 info install db-mysql@0.7.6 into /Users/smangelschots/RubymineProjects/NodeErp
52 info installOne db-mysql@0.7.6
53 verbose from cache /Users/smangelschots/.npm/db-mysql/0.7.6/package/package.json
54 info /Users/smangelschots/RubymineProjects/NodeErp/node_modules/db-mysql unbuild
55 verbose read json /Users/smangelschots/RubymineProjects/NodeErp/node_modules/db-mysql/package.json
56 verbose tar unpack /Users/smangelschots/.npm/db-mysql/0.7.6/package.tgz
57 silly lockFile 6219e0e9-ts-NodeErp-node-modules-db-mysql /Users/smangelschots/RubymineProjects/NodeErp/node_modules/db-mysql
58 verbose lock /Users/smangelschots/RubymineProjects/NodeErp/node_modules/db-mysql /Users/smangelschots/.npm/6219e0e9-ts-NodeErp-node-modules-db-mysql.lock
59 silly gunzTarPerm modes [ '755', '644' ]
60 silly gunzTarPerm extractEntry package.json
61 silly gunzTarPerm extractEntry .npmignore
62 silly gunzTarPerm extractEntry README.md
63 silly gunzTarPerm extractEntry mysql-test-manual-query.js
64 silly gunzTarPerm extractEntry mysql-test-no-connection.js
65 silly gunzTarPerm extractEntry mysql-test-long-number.js
66 silly gunzTarPerm extractEntry mysql-test-sync-update.js
67 silly gunzTarPerm extractEntry mysql-test-sync.js
68 silly gunzTarPerm extractEntry mysql-test.js
69 silly gunzTarPerm extractEntry mysql-test-long.js
70 silly gunzTarPerm extractEntry mysql-test-insert.js
71 silly gunzTarPerm extractEntry t.js
72 silly gunzTarPerm extractEntry mysql-test-async.js
73 silly gunzTarPerm extractEntry tests-db.js
74 silly gunzTarPerm extractEntry db-mysql.js
75 silly gunzTarPerm extractEntry mysql-test-placeholder.js
76 silly gunzTarPerm extractEntry tests.js
77 silly gunzTarPerm extractEntry lib/node-db/README.md
78 silly gunzTarPerm extractEntry lib/node-db/tests.js
79 silly gunzTarPerm extractEntry lib/node-db/connection.cc
80 silly gunzTarPerm extractEntry lib/node-db/connection.h
81 silly gunzTarPerm extractEntry lib/node-db/events.cc
82 silly gunzTarPerm extractEntry lib/node-db/events.h
83 silly gunzTarPerm extractEntry lib/node-db/exception.cc
84 silly gunzTarPerm extractEntry lib/node-db/binding.h
85 silly gunzTarPerm extractEntry lib/node-db/node_defs.h
86 silly gunzTarPerm extractEntry lib/node-db/query.cc
87 silly gunzTarPerm extractEntry lib/node-db/query.h
88 silly gunzTarPerm extractEntry lib/node-db/binding.cc
89 silly gunzTarPerm extractEntry lib/node-db/result.cc
90 silly gunzTarPerm extractEntry lib/node-db/result.h
91 silly gunzTarPerm extractEntry lib/node-db/exception.h
92 silly gunzTarPerm extractEntry src/connection.cc
93 silly gunzTarPerm extractEntry src/connection.h
94 silly gunzTarPerm extractEntry src/mysql.cc
95 silly gunzTarPerm extractEntry src/mysql.h
96 silly gunzTarPerm extractEntry src/mysql_bindings.cc
97 silly gunzTarPerm extractEntry src/query.cc
98 silly gunzTarPerm extractEntry src/query.h
99 silly gunzTarPerm extractEntry src/result.cc
100 silly gunzTarPerm extractEntry src/result.h
101 silly gunzTarPerm extractEntry CHANGELOG
102 silly gunzTarPerm extractEntry .gitmodules
103 silly gunzTarPerm extractEntry tests-settings.json
104 silly gunzTarPerm extractEntry doc/api.html
105 silly gunzTarPerm extractEntry doc/changelog.html
106 silly gunzTarPerm extractEntry doc/index.html
107 silly gunzTarPerm extractEntry wscript
108 verbose read json /Users/smangelschots/RubymineProjects/NodeErp/node_modules/db-mysql/package.json
109 silly lockFile 6219e0e9-ts-NodeErp-node-modules-db-mysql /Users/smangelschots/RubymineProjects/NodeErp/node_modules/db-mysql
110 info preinstall db-mysql@0.7.6
111 verbose from cache /Users/smangelschots/RubymineProjects/NodeErp/node_modules/db-mysql/package.json
112 verbose readDependencies using package.json deps
113 verbose from cache /Users/smangelschots/RubymineProjects/NodeErp/node_modules/db-mysql/package.json
114 verbose readDependencies using package.json deps
115 silly resolved []
116 verbose about to build /Users/smangelschots/RubymineProjects/NodeErp/node_modules/db-mysql
117 info build /Users/smangelschots/RubymineProjects/NodeErp/node_modules/db-mysql
118 verbose from cache /Users/smangelschots/RubymineProjects/NodeErp/node_modules/db-mysql/package.json
119 verbose linkStuff [ false,
119 verbose linkStuff   false,
119 verbose linkStuff   false,
119 verbose linkStuff   '/Users/smangelschots/RubymineProjects/NodeErp/node_modules' ]
120 info linkStuff db-mysql@0.7.6
121 verbose linkBins db-mysql@0.7.6
122 verbose linkMans db-mysql@0.7.6
123 verbose rebuildBundles db-mysql@0.7.6
124 info install db-mysql@0.7.6
125 verbose unsafe-perm in lifecycle true
126 silly exec sh "-c" "node-waf configure build"
127 silly sh,-c,node-waf configure build,/Users/smangelschots/RubymineProjects/NodeErp/node_modules/db-mysql spawning
128 info db-mysql@0.7.6 Failed to exec install script
129 info /Users/smangelschots/RubymineProjects/NodeErp/node_modules/db-mysql unbuild
130 verbose from cache /Users/smangelschots/RubymineProjects/NodeErp/node_modules/db-mysql/package.json
131 info preuninstall db-mysql@0.7.6
132 verbose unsafe-perm in lifecycle true
133 silly exec sh "-c" "rm -rf build/*"
134 silly sh,-c,rm -rf build/*,/Users/smangelschots/RubymineProjects/NodeErp/node_modules/db-mysql spawning
135 info uninstall db-mysql@0.7.6
136 verbose true,/Users/smangelschots/RubymineProjects/NodeErp/node_modules,/Users/smangelschots/RubymineProjects/NodeErp/node_modules unbuild db-mysql@0.7.6
137 info postuninstall db-mysql@0.7.6
138 error db-mysql@0.7.6 install: `node-waf configure build`
138 error `sh "-c" "node-waf configure build"` failed with 1
139 error Failed at the db-mysql@0.7.6 install script.
139 error This is most likely a problem with the db-mysql package,
139 error not with npm itself.
139 error Tell the author that this fails on your system:
139 error     node-waf configure build
139 error You can get their info via:
139 error     npm owner ls db-mysql
139 error There is likely additional logging output above.
140 error System Darwin 11.4.0
141 error command "node" "/usr/local/bin/npm" "install" "db-mysql"
142 error cwd /Users/smangelschots/RubymineProjects/NodeErp
143 error node -v v0.8.6
144 error npm -v 1.1.48
145 error code ELIFECYCLE
146 verbose exit [ 1, true ]
